<?xml version="1.0" encoding="UTF-8"?>
<!-- Generated by org.testng.reporters.JUnitReportReporter -->
<testsuite skipped="0" hostname="DESKTOP-55O5G0N" name="com.omnibridge.testcases.BankManagerLoginTest" tests="1" failures="0" timestamp="2020-08-27T14:21:46 IST" time="2.118" errors="0">
  <testcase name="loginAsUser" time="2.118" classname="com.omnibridge.testcases.BankManagerLoginTest"/>
  <system-out/>
</testsuite> <!-- com.omnibridge.testcases.BankManagerLoginTest -->
