<?xml version="1.0" encoding="UTF-8"?>
<!-- Generated by org.testng.reporters.JUnitReportReporter -->
<testsuite skipped="0" hostname="DESKTOP-55O5G0N" name="com.omnibridge.testcases.LoginTest" tests="1" failures="0" timestamp="2020-08-27T15:26:55 IST" time="11.364" errors="0">
  <testcase name="loginAsUser" time="11.364" classname="com.omnibridge.testcases.LoginTest"/>
  <system-out/>
</testsuite> <!-- com.omnibridge.testcases.LoginTest -->
